<?xml version="1.0" encoding="UTF-8"?>
<!-- Generated by org.testng.reporters.JUnitXMLReporter -->
<testsuite hostname="Mejin56-PC" ignored="0" name="Default test" tests="2" failures="0" timestamp="05 Dec 2021 20:29:02 GMT" time="4.818" errors="0">
  <testcase name="validatePostApiResponseCode" time="3.045" classname="com.api.qa.test.apiValidationTest"/>
  <testcase name="validatePostApiResponseCode" time="0.844" classname="com.api.qa.test.apiValidationTest"/>
</testsuite> <!-- Default test -->
